<?xml version="1.0" encoding="UTF-8"?>
<!-- Generated by org.testng.reporters.JUnitReportReporter -->
<testsuite hostname="DESKTOP-90LP3GB" failures="0" tests="2" name="com.testpackage.Homepage" time="44.931" errors="0" timestamp="2024-09-16T12:53:29 IST" skipped="0">
  <testcase classname="com.testpackage.Homepage" name="RegionTest" time="23.517"/>
  <system-out/>
  <testcase classname="com.testpackage.Homepage" name="Login" time="21.414"/>
  <system-out/>
</testsuite> <!-- com.testpackage.Homepage -->
