<?xml version="1.0" encoding="UTF-8"?>
<!-- Generated by org.testng.reporters.JUnitReportReporter -->
<testsuite hostname="DESKTOP-90LP3GB" failures="0" tests="2" name="com.testpackage.Homepage" time="21.596" errors="0" timestamp="2024-09-11T16:10:55 IST" skipped="0">
  <testcase classname="com.testpackage.Homepage" name="RegionTest" time="14.728"/>
  <system-out/>
  <testcase classname="com.testpackage.Homepage" name="Login" time="6.868"/>
  <system-out/>
</testsuite> <!-- com.testpackage.Homepage -->
