<?xml version="1.0" encoding="UTF-8"?>
<!-- Generated by org.testng.reporters.JUnitReportReporter -->
<testsuite hostname="DESKTOP-90LP3GB" failures="0" tests="1" name="com.testpackage.PDPTest" time="95.330" errors="0" timestamp="2024-09-16T12:53:29 IST" skipped="0">
  <testcase classname="com.testpackage.PDPTest" name="PDP_Addtocart" time="95.330"/>
  <system-out/>
</testsuite> <!-- com.testpackage.PDPTest -->
