<?xml version="1.0" encoding="UTF-8"?>
<!-- Generated by org.testng.reporters.JUnitReportReporter -->
<testsuite hostname="DESKTOP-90LP3GB" failures="0" tests="1" name="com.testpackage.PLPTestPage" time="17.166" errors="0" timestamp="2024-09-11T16:10:55 IST" skipped="0">
  <testcase classname="com.testpackage.PLPTestPage" name="PLP" time="17.166"/>
  <system-out/>
</testsuite> <!-- com.testpackage.PLPTestPage -->
