<?xml version="1.0" encoding="UTF-8"?>
<!-- Generated by org.testng.reporters.JUnitReportReporter -->
<testsuite hostname="DESKTOP-90LP3GB" failures="0" tests="1" name="com.testpackage.Login" time="16.811" errors="0" timestamp="2024-09-11T13:24:03 IST" skipped="0">
  <testcase classname="com.testpackage.Login" name="Registration" time="16.811"/>
  <system-out>
    <![CDATA[Dashboard reported
Dashboard reported]]>
  </system-out>
</testsuite> <!-- com.testpackage.Login -->
